<?xml version="1.0" encoding="UTF-8"?>
<!-- Generated by org.testng.reporters.JUnitReportReporter -->
<testsuite skipped="0" hostname="Home-PC" name="com.practice.testcases.ContactsPageTest" tests="2" failures="0" timestamp="28 Sep 2018 10:28:30 GMT" time="3.301" errors="0">
  <testcase name="verifyTitle" time="0.112" classname="com.practice.testcases.ContactsPageTest"/>
  <testcase name="displayContacts" time="3.189" classname="com.practice.testcases.ContactsPageTest"/>
</testsuite> <!-- com.practice.testcases.ContactsPageTest -->
