<?xml version="1.0" encoding="UTF-8"?>
<!-- Generated by org.testng.reporters.JUnitReportReporter -->
<testsuite skipped="0" hostname="Home-PC" name="com.practice.testcases.OpportunitiesPageTest" tests="2" failures="0" timestamp="28 Sep 2018 11:59:34 GMT" time="2.932" errors="0">
  <testcase name="verifyTitle" time="0.657" classname="com.practice.testcases.OpportunitiesPageTest"/>
  <testcase name="displayOppertunities" time="2.275" classname="com.practice.testcases.OpportunitiesPageTest"/>
</testsuite> <!-- com.practice.testcases.OpportunitiesPageTest -->
