<?xml version="1.0" encoding="UTF-8"?>
<!-- Generated by org.testng.reporters.JUnitReportReporter -->
<testsuite skipped="0" hostname="Home-PC" name="com.practice.testcases.HomePageTest" tests="15" failures="0" timestamp="25 Sep 2018 08:46:44 GMT" time="25.863" errors="0">
  <testcase name="verifyHomePageTitle" time="4.090" classname="com.practice.testcases.HomePageTest"/>
  <testcase name="CalendarPageTest" time="3.107" classname="com.practice.testcases.HomePageTest"/>
  <testcase name="verifyCalendarPageTitle" time="0.146" classname="com.practice.testcases.HomePageTest"/>
  <testcase name="orgPageTest" time="2.766" classname="com.practice.testcases.HomePageTest"/>
  <testcase name="verifyOrgPageTitle" time="0.069" classname="com.practice.testcases.HomePageTest"/>
  <testcase name="contactsPageTest" time="3.336" classname="com.practice.testcases.HomePageTest"/>
  <testcase name="verifyContactsPageTitle" time="0.107" classname="com.practice.testcases.HomePageTest"/>
  <testcase name="opportunitiesPageTest" time="3.084" classname="com.practice.testcases.HomePageTest"/>
  <testcase name="verifyOppoPageTitle" time="0.083" classname="com.practice.testcases.HomePageTest"/>
  <testcase name="productsPageTest" time="3.030" classname="com.practice.testcases.HomePageTest"/>
  <testcase name="verifyProductsPageTitle" time="0.120" classname="com.practice.testcases.HomePageTest"/>
  <testcase name="documentsPageTest" time="2.197" classname="com.practice.testcases.HomePageTest"/>
  <testcase name="verifyDocumentsPagetitle" time="0.073" classname="com.practice.testcases.HomePageTest"/>
  <testcase name="dashboardPageTest" time="3.577" classname="com.practice.testcases.HomePageTest"/>
  <testcase name="verifyDashboardPageTitle" time="0.078" classname="com.practice.testcases.HomePageTest"/>
</testsuite> <!-- com.practice.testcases.HomePageTest -->
