<?xml version="1.0" encoding="UTF-8"?>
<!-- Generated by org.testng.reporters.JUnitReportReporter -->
<testsuite skipped="0" hostname="Home-PC" name="com.practice.testcases.LoginPageTest" tests="2" failures="0" timestamp="27 Sep 2018 05:13:36 GMT" time="10.658" errors="0">
  <testcase name="LoginTest" time="9.642" classname="com.practice.testcases.LoginPageTest"/>
  <testcase name="verifyHomePageTitle" time="1.016" classname="com.practice.testcases.LoginPageTest"/>
</testsuite> <!-- com.practice.testcases.LoginPageTest -->
