<?xml version="1.0" encoding="UTF-8"?>
<!-- Generated by org.testng.reporters.JUnitReportReporter -->
<testsuite skipped="0" hostname="Home-PC" name="com.practice.testcases.Testcase2" tests="1" failures="0" timestamp="29 Sep 2018 07:47:12 GMT" time="0.161" errors="0">
  <testcase name="test2" time="0.161" classname="com.practice.testcases.Testcase2"/>
</testsuite> <!-- com.practice.testcases.Testcase2 -->
