<?xml version="1.0" encoding="UTF-8"?>
<!-- Generated by org.testng.reporters.JUnitReportReporter -->
<testsuite skipped="0" hostname="Home-PC" name="com.practice.testcases.CalendarTest" tests="2" failures="0" timestamp="01 Oct 2018 04:34:30 GMT" time="6.796" errors="0">
  <testcase name="verifyTitle" time="0.102" classname="com.practice.testcases.CalendarTest"/>
  <testcase name="addEventTest" time="6.694" classname="com.practice.testcases.CalendarTest"/>
</testsuite> <!-- com.practice.testcases.CalendarTest -->
