<?xml version="1.0" encoding="UTF-8"?>
<!-- Generated by org.testng.reporters.JUnitReportReporter -->
<testsuite skipped="0" hostname="Home-PC" name="com.practice.grid.ChromeGridTest" tests="1" failures="0" timestamp="07 Sep 2018 09:03:08 GMT" time="21.335" errors="0">
  <testcase name="test" time="21.335" classname="com.practice.grid.ChromeGridTest"/>
</testsuite> <!-- com.practice.grid.ChromeGridTest -->
