<?xml version="1.0" encoding="UTF-8"?>
<!-- Generated by org.testng.reporters.JUnitReportReporter -->
<testsuite skipped="0" hostname="Home-PC" name="com.practice.testcases.ProductsPageTest" tests="2" failures="0" timestamp="28 Sep 2018 12:04:55 GMT" time="2.394" errors="0">
  <testcase name="verifyTitle" time="0.569" classname="com.practice.testcases.ProductsPageTest"/>
  <testcase name="DisplayRecords" time="1.825" classname="com.practice.testcases.ProductsPageTest"/>
</testsuite> <!-- com.practice.testcases.ProductsPageTest -->
