<?xml version="1.0" encoding="UTF-8"?>
<!-- Generated by org.testng.reporters.JUnitReportReporter -->
<testsuite skipped="0" hostname="Home-PC" name="com.practice.testcases.OrganizationsPageTest" tests="2" failures="0" timestamp="28 Sep 2018 10:09:54 GMT" time="2.191" errors="0">
  <testcase name="verifyTitle" time="0.515" classname="com.practice.testcases.OrganizationsPageTest"/>
  <testcase name="DisplayRecords" time="1.676" classname="com.practice.testcases.OrganizationsPageTest"/>
</testsuite> <!-- com.practice.testcases.OrganizationsPageTest -->
