<?xml version="1.0" encoding="UTF-8"?>
<!-- Generated by org.testng.reporters.JUnitReportReporter -->
<testsuite skipped="0" hostname="Home-PC" name="com.practice.testcases.LoginPageTest" tests="2" failures="0" timestamp="14 Nov 2018 10:50:49 GMT" time="16.521" errors="0">
  <testcase name="LoginTest" time="16.400" classname="com.practice.testcases.LoginPageTest"/>
  <testcase name="verifyHomePageTitle" time="0.121" classname="com.practice.testcases.LoginPageTest"/>
</testsuite> <!-- com.practice.testcases.LoginPageTest -->
