<?xml version="1.0" encoding="UTF-8"?>
<!-- Generated by org.testng.reporters.JUnitReportReporter -->
<testsuite skipped="0" hostname="Home-PC" name="com.practice.testcases.LeadsPageTest" tests="1" failures="0" timestamp="28 Sep 2018 09:52:12 GMT" time="8.767" errors="0">
  <testcase name="GetLeadsInfo" time="8.767" classname="com.practice.testcases.LeadsPageTest"/>
</testsuite> <!-- com.practice.testcases.LeadsPageTest -->
