<?xml version="1.0" encoding="UTF-8"?>
<!-- Generated by org.testng.reporters.JUnitReportReporter -->
<testsuite skipped="0" hostname="Home-PC" name="com.practice.excel.ReadExcel" tests="3" failures="0" timestamp="02 Oct 2018 07:58:53 GMT" time="0.020" errors="0">
  <testcase name="test" time="0.000" classname="com.practice.excel.ReadExcel"/>
  <testcase name="test" time="0.010" classname="com.practice.excel.ReadExcel"/>
  <testcase name="test" time="0.010" classname="com.practice.excel.ReadExcel"/>
</testsuite> <!-- com.practice.excel.ReadExcel -->
