<?xml version="1.0" encoding="UTF-8"?>
<!-- Generated by org.testng.reporters.JUnitReportReporter -->
<testsuite skipped="0" hostname="Home-PC" name="com.practice.master.Master" tests="1" failures="0" timestamp="06 Sep 2018 10:13:14 GMT" time="0.022" errors="0">
  <testcase name="test1" time="0.022" classname="com.practice.master.Master"/>
</testsuite> <!-- com.practice.master.Master -->
