<?xml version="1.0" encoding="UTF-8"?>
<!-- Generated by org.testng.reporters.JUnitReportReporter -->
<testsuite skipped="0" hostname="Home-PC" name="com.practice.testcases.LoginPageTest" tests="2" failures="0" timestamp="28 Sep 2018 06:06:35 GMT" time="9.391" errors="0">
  <testcase name="LoginTest" time="8.805" classname="com.practice.testcases.LoginPageTest"/>
  <testcase name="verifyHomePageTitle" time="0.586" classname="com.practice.testcases.LoginPageTest"/>
</testsuite> <!-- com.practice.testcases.LoginPageTest -->
