<?xml version="1.0" encoding="UTF-8"?>
<!-- Generated by org.testng.reporters.JUnitReportReporter -->
<testsuite skipped="0" hostname="RavindraP" name="com.practice.testcases.LoginPageTest" tests="2" failures="0" timestamp="03 Jan 2019 05:50:46 GMT" time="9.677" errors="0">
  <testcase name="LoginTest" time="9.563" classname="com.practice.testcases.LoginPageTest"/>
  <testcase name="verifyHomePageTitle" time="0.114" classname="com.practice.testcases.LoginPageTest"/>
</testsuite> <!-- com.practice.testcases.LoginPageTest -->
